{"ts":"2018-08-27T18:33:15.865","pid":2948,"tid":"2d0c","sev":"info","req":"-","sess":"-","site":"-","user":"-","k":"fault-reporting-init","v":{"log-path":"C:\\Users\\HS\\Documents\\GitHub\\Tableau\\濡쒓렇\\hyperd-error_2948_18-0827-183315.log"}}
{"ts":"2018-08-27T18:33:15.866","pid":2948,"tid":"2d0c","sev":"info","req":"-","sess":"-","site":"-","user":"-","k":"startup-info","v":{"command-line":"C:\\Program Files\\Tableau\\Tableau 2018.1\\bin\\hyper\\hyperd.exe --init overwrite --skip-license --no-password --no-ssl --init-user tableau_internal_user -x default_relation_layout=block -x persist_redo_log=false --log-dir C:\\Users\\HS\\Documents\\GitHub\\Tableau\\濡쒓렇 -x log_config=file,json,all,hyperd,0 --database C:\\Users\\HS\\AppData\\Local\\Temp\\TableauTemp\\1p1fsi20mlnvf01a5945y1wrjnco\\hyper_db --listen-connection tab.pipe://./pipe/auto --callback-connection tab.pipe://./pipe/{B3DA179D-DD64-4E4F-A166-FCCC25CDD14B} run","server-version":"9.1.0","build-version":"2018.1.2.3908.r95368514","build-type":"Release (msvc)","build-cpu-features":["sse2","sse4.2"],"config-file":"<not specified>","settings":{"date_style": "ISO, MDY", "extra_float_digits": 0, "file_partition_size_limit": "0", "global_file_partition_size_limit": "0", "lambda_restriction_only_if_unreusable": true, "log_block_partition": false, "log_bulk_insert": false, "log_code_metrics": false, "log_common_subexpression_extraction": false, "log_common_subexpression_hoisting": false, "log_compilation_mode": false, "log_config": "file,json,all,hyperd,0", "log_connection": false, "log_constraint_check": false, "log_continuations": false, "log_databasedata": false, "log_expression_reuse": false, "log_external_streams": false, "log_external_table_cache": false, "log_file_path": "\"C:\\Users\\HS\\Documents\\GitHub\\Tableau\\로그\\\"", "log_filter_join": false, "log_hashtable_sizes": false, "log_last_parallel": false, "log_memory_tracker": false, "log_memory_tracker_threshold": "16777215t", "log_objectstore": false, "log_optimizersteps": false, "log_pipelines": false, "log_plan_cache": false, "log_queries": true, "log_query_cpu": false, "log_query_graph": false, "log_query_plans": false, "log_resource_usage_interval": 0, "log_sample": false, "log_scheduler": false, "log_scheduler_condvar": false, "log_schema_serialization": false, "log_script_pipelines": false, "log_service_name": "hyperd", "log_spooling_fallback_verbose": false, "log_stack_on_error": false, "log_statement_latches": false, "log_timing": false, "log_translation_mapping_choice": false, "log_troublesome_query_plans": true, "log_unflushedmemory": false, "log_writebuffer": false, "max_query_size": "64m", "named_pipes_allow_all_users": false, "num_job_worker_threads": "100%", "num_task_worker_threads": "100%", "optimize_lambda_restriction": true, "srm_detailed_logging": false, "transitive_join_condition_optimization_limit": 7, "two_digit_year_threshold": 70, "use_spooling_fallback": true},"network-threads":2,"min-protocol-version":1,"max-protocol-version":1}}
{"ts":"2018-08-27T18:33:15.866","pid":2948,"tid":"2d0c","sev":"info","req":"-","sess":"-","site":"-","user":"-","k":"cpu-info","v":{"physical-cores":4,"logical-cores":8,"cpu-vendor":"GenuineIntel","cpu-stepping":10,"cpu-model":14,"cpu-family":6,"cpu-processor-type":0,"cpu-extended-model":8,"cpu-extended-family":0,"feature-flags":"00000000000010000000011011101010|00000110000100000000100000000000|01111111111110101111101110111111|10111111111010111111101111111111"}}
{"ts":"2018-08-27T18:33:15.866","pid":2948,"tid":"2d0c","sev":"info","req":"-","sess":"-","site":"-","user":"-","k":"compilation-cpu-features","v":{"cpu":"skylake","features":["sse2","cx16","-tbm","-avx512ifma","-avx512dq","-fma4","prfchw","bmi2","xsavec","fsgsbase","popcnt","aes","xsaves","-avx512er","-avx512vpopcntdq","-clwb","-avx512f","-clzero","-pku","mmx","-lwp","-xop","rdseed","-sse4a","-avx512bw","clflushopt","xsave","-avx512vl","-avx512cd","avx","-rtm","fma","bmi","rdrnd","-mwaitx","sse4.1","sse4.2","avx2","sse","lzcnt","pclmul","-prefetchwt1","f16c","ssse3","sgx","cmov","-avx512vbmi","movbe","xsaveopt","-sha","adx","-avx512pf","sse3"]}}
{"ts":"2018-08-27T18:33:15.867","pid":2948,"tid":"2d0c","sev":"info","req":"-","sess":"-","site":"-","user":"-","k":"operating-system-info","v":{"operating-system-name":"Windows","operating-system-version":"10.0.17134.165"}}
{"ts":"2018-08-27T18:33:15.871","pid":2948,"tid":"2d0c","sev":"info","req":"-","sess":"-","site":"-","user":"-","k":"memory-info","v":{"physical-memory-mb":8025.27,"page-alignment-size":65536}}
{"ts":"2018-08-27T18:33:15.871","pid":2948,"tid":"2d0c","sev":"warning","req":"-","sess":"-","site":"-","user":"-","k":"redo-log-not-persisted","v":{"msg":"Redo log is not persisted: database durability will not be guaranteed"}}
{"ts":"2018-08-27T18:33:15.872","pid":2948,"tid":"2d0c","sev":"info","req":"-","sess":"-","site":"-","user":"-","k":"init-maindb-begin","v":{"path":"C:\\Users\\HS\\AppData\\Local\\Temp\\TableauTemp\\1p1fsi20mlnvf01a5945y1wrjnco\\hyper_db"}}
{"ts":"2018-08-27T18:33:15.876","pid":2948,"tid":"2d0c","sev":"info","req":"-","sess":"-","site":"-","user":"-","k":"dbregistry-construct","v":{"file-backed":false}}
{"ts":"2018-08-27T18:33:15.876","pid":2948,"tid":"2d0c","sev":"info","req":"-","sess":"-","site":"-","user":"-","k":"dbregistry-release","v":{"path":":main","saved":false,"new-ref-count":1,"elapsed":4.627e-06}}
{"ts":"2018-08-27T18:33:15.898","pid":2948,"tid":"2d0c","sev":"info","req":"-","sess":"-","site":"-","user":"-","k":"global-infrastructure-shutdown","v":{}}
{"ts":"2018-08-27T18:33:15.898","pid":2948,"tid":"2d0c","sev":"info","req":"-","sess":"-","site":"-","user":"-","k":"database-registry-shutdown-begin","v":{}}
{"ts":"2018-08-27T18:33:15.901","pid":2948,"tid":"2d0c","sev":"info","req":"-","sess":"-","site":"-","user":"-","k":"dbregistry-release","v":{"path":"\\\\?\\C:\\Users\\HS\\AppData\\Local\\Temp\\TableauTemp\\1p1fsi20mlnvf01a5945y1wrjnco\\hyper_db","saved":true,"elapsed-save":0.0031964,"closed":true,"elapsed-registry-close":7.197e-06,"elapsed":0.0032077}}
{"ts":"2018-08-27T18:33:15.901","pid":2948,"tid":"2d0c","sev":"info","req":"-","sess":"-","site":"-","user":"-","k":"database-registry-shutdown-end","v":{"elapsed":0.00322056}}
{"ts":"2018-08-27T18:33:15.901","pid":2948,"tid":"2d0c","sev":"info","req":"-","sess":"-","site":"-","user":"-","k":"init-maindb-end","v":{"elapsed-create-globals":0.00397159,"user-name":"tableau_internal_user","elapsed-setup-user":1.5422e-05,"elapsed-create-db":0.00699526,"elapsed-save":0.0149559,"elapsed":0.0296558}}
{"ts":"2018-08-27T18:33:15.912","pid":2948,"tid":"2d0c","sev":"info","req":"-","sess":"-","site":"-","user":"-","k":"dbregistry-load","v":{"path":"\\\\?\\C:\\Users\\HS\\AppData\\Local\\Temp\\TableauTemp\\1p1fsi20mlnvf01a5945y1wrjnco\\hyper_db","path-given":"C:\\Users\\HS\\AppData\\Local\\Temp\\TableauTemp\\1p1fsi20mlnvf01a5945y1wrjnco\\hyper_db","new-ref-count":1,"elapsed-registry-insert":1.4908e-05,"already-loaded":false,"load-success":true,"elapsed-load":0.00236877,"elapsed":0.00238727}}
{"ts":"2018-08-27T18:33:15.912","pid":2948,"tid":"2d0c","sev":"info","req":"-","sess":"-","site":"-","user":"-","k":"dbregistry-construct","v":{"file-backed":true,"main-db-file":"\\\\?\\C:\\Users\\HS\\AppData\\Local\\Temp\\TableauTemp\\1p1fsi20mlnvf01a5945y1wrjnco\\hyper_db"}}
{"ts":"2018-08-27T18:33:15.913","pid":2948,"tid":"2d0c","sev":"info","req":"-","sess":"-","site":"-","user":"-","k":"scheduler-startup","v":{"task-worker-count":7,"job-worker-count":8}}
{"ts":"2018-08-27T18:33:15.926","pid":2948,"tid":"2d0c","sev":"info","req":"-","sess":"-","site":"-","user":"-","k":"listen-named-pipe","v":{"pipe-name":"{1EEC89EC-963B-47D4-B351-7342E25A184D}"}}
{"ts":"2018-08-27T18:33:15.926","pid":2948,"tid":"2d0c","sev":"info","req":"-","sess":"-","site":"-","user":"-","k":"server-ready","v":{"elapsed":0.0774686}}
{"ts":"2018-08-27T18:33:15.927","pid":2948,"tid":"2d0c","sev":"info","req":"-","sess":"-","site":"-","user":"-","k":"callback-send-begin","v":{"callback-destination":"tab.pipe://./pipe/{B3DA179D-DD64-4E4F-A166-FCCC25CDD14B}","callback-reply":"tab.pipe://./pipe/{1EEC89EC-963B-47D4-B351-7342E25A184D}"}}
{"ts":"2018-08-27T18:33:15.927","pid":2948,"tid":"2d0c","sev":"info","req":"-","sess":"-","site":"-","user":"-","k":"callback-send-end","v":{"elapsed":5.14e-07}}
{"ts":"2018-08-27T18:33:15.927","pid":2948,"tid":"40e4","sev":"info","req":"-","sess":"-","site":"-","user":"-","k":"monitor-endpoint-start","v":{}}
{"ts":"2018-08-27T18:33:15.928","pid":2948,"tid":"2d0c","sev":"info","req":"-","sess":"-","site":"-","user":"-","k":"scheduler-thread-spawned","v":{"type":"network","slot":0}}
{"ts":"2018-08-27T18:33:15.928","pid":2948,"tid":"2d0c","sev":"info","req":"-","sess":"-","site":"-","user":"-","k":"scheduler-thread-spawned","v":{"type":"network","slot":1}}
{"ts":"2018-08-27T18:33:15.931","pid":2948,"tid":"5bd4","sev":"info","req":"-","sess":"-","site":"-","user":"-","k":"named-pipe-client-accept","v":{"pipe-name":"auto","session":2}}
{"ts":"2018-08-27T18:33:15.932","pid":2948,"tid":"5bd4","sev":"info","req":"-","sess":"-","site":"-","user":"-","k":"windows-timer-resolution","v":{"value":1}}
{"ts":"2018-08-27T18:33:15.932","pid":2948,"tid":"4144","sev":"trace","req":"0","sess":"2","site":"-","user":"-","k":"request-header-received","v":{"len":202}}
{"ts":"2018-08-27T18:33:15.932","pid":2948,"tid":"5bd4","sev":"info","req":"0","sess":"2","site":"-","user":"tableau_internal_user","k":"connection-startup-begin","v":{"user":"tableau_internal_user","options":{"database":"postgres","options":"result_format_code=hyperbinary access_mode=readwrite requestedProtocolVersion=1 DateStyle=MDY extra_float_digits=2 TwoDigitYearThreshold=40"}}}
{"ts":"2018-08-27T18:33:15.933","pid":2948,"tid":"5bd4","sev":"info","req":"-","sess":"-","site":"-","user":"-","k":"dbregistry-release","v":{"path":"\\\\?\\C:\\Users\\HS\\AppData\\Local\\Temp\\TableauTemp\\1p1fsi20mlnvf01a5945y1wrjnco\\hyper_db","saved":false,"new-ref-count":1,"elapsed":5.141e-06}}
{"ts":"2018-08-27T18:33:15.933","pid":2948,"tid":"5bd4","sev":"info","req":"0","sess":"2","site":"-","user":"tableau_internal_user","k":"connection-startup-end","v":{"cancelation-id":0,"elapsed-interpret-options":0.000170152,"elapsed-check-user":2.8273e-05,"have-cred":false,"elapsed-check-authentication":2.571e-06,"elapsed-check-authentication":0.000355212,"elapsed":0.000564433}}
{"ts":"2018-08-27T18:33:19.188","pid":2948,"tid":"5bd4","sev":"trace","req":"1","sess":"2","site":"-","user":"tableau_internal_user","k":"request-header-received","v":{"len":36,"type":"Q"}}
{"ts":"2018-08-27T18:33:19.189","pid":2948,"tid":"4144","sev":"info","req":"1","sess":"2","site":"-","user":"tableau_internal_user","k":"query-begin","v":{"client-session-id":"","spooling":false,"query":"SELECT datname FROM pg_database"}}
{"ts":"2018-08-27T18:33:19.192","pid":2948,"tid":"bfc","sev":"info","req":"-","sess":"-","site":"-","user":"-","k":"dbregistry-release","v":{"path":"\\\\?\\C:\\Users\\HS\\AppData\\Local\\Temp\\TableauTemp\\1p1fsi20mlnvf01a5945y1wrjnco\\hyper_db","saved":false,"new-ref-count":2,"elapsed":5.14e-06}}
{"ts":"2018-08-27T18:33:19.192","pid":2948,"tid":"bfc","sev":"info","req":"1","sess":"2","site":"-","user":"tableau_internal_user","k":"query-result-sent","v":{"success":true,"time-since-query-end":4.627e-06,"transfered-volume-mb":0.000483513}}
{"ts":"2018-08-27T18:33:19.192","pid":2948,"tid":"bfc","sev":"info","req":"1","sess":"2","site":"-","user":"tableau_internal_user","k":"query-end","v":{"statement-id":1,"transaction-visible-id":0,"transaction-id":0,"client-session-id":"","elapsed":0.00299129,"parsing-time":0.000113092,"compilation-time":0.00272706,"execution-time":0.000101782,"time-to-schedule":3.8041e-05,"lock-acquisition-time":1.542e-06,"peak-transaction-memory-mb":0,"peak-result-buffer-memory-mb":0.062561,"result-size-mb":0.000483513,"spooling":false,"plan-cache-status":"cache miss","plan-cache-hit-count":0,"cols":1,"rows":1,"query-trunc":"SELECT datname FROM pg_database"}}
{"ts":"2018-08-27T18:33:19.201","pid":2948,"tid":"5bd4","sev":"info","req":"-","sess":"-","site":"-","user":"-","k":"named-pipe-client-accept","v":{"pipe-name":"auto","session":3}}
{"ts":"2018-08-27T18:33:19.201","pid":2948,"tid":"4144","sev":"trace","req":"0","sess":"3","site":"-","user":"-","k":"request-header-received","v":{"len":248}}
{"ts":"2018-08-27T18:33:19.201","pid":2948,"tid":"5bd4","sev":"info","req":"0","sess":"3","site":"-","user":"tableau_internal_user","k":"connection-startup-begin","v":{"user":"tableau_internal_user","options":{"database":"postgres","options":"result_format_code=hyperbinary access_mode=readwrite temporary_namespace_name=Extract requestedProtocolVersion=1 lc_all=ko_KR DateStyle=YMD extra_float_digits=2 TwoDigitYearThreshold=40"}}}
{"ts":"2018-08-27T18:33:19.201","pid":2948,"tid":"5bd4","sev":"info","req":"-","sess":"-","site":"-","user":"-","k":"dbregistry-release","v":{"path":"\\\\?\\C:\\Users\\HS\\AppData\\Local\\Temp\\TableauTemp\\1p1fsi20mlnvf01a5945y1wrjnco\\hyper_db","saved":false,"new-ref-count":2,"elapsed":4.626e-06}}
{"ts":"2018-08-27T18:33:19.210","pid":2948,"tid":"5bd4","sev":"info","req":"0","sess":"3","site":"-","user":"tableau_internal_user","k":"connection-startup-end","v":{"cancelation-id":1,"elapsed-interpret-options":0.000107438,"elapsed-check-user":2.0562e-05,"have-cred":false,"elapsed-check-authentication":2.57e-06,"elapsed-check-authentication":0.00845672,"elapsed":0.00859295}}
{"ts":"2018-08-27T18:33:19.211","pid":2948,"tid":"5bd4","sev":"trace","req":"1","sess":"3","site":"-","user":"tableau_internal_user","k":"request-header-received","v":{"len":623,"type":"Q"}}
{"ts":"2018-08-27T18:33:19.211","pid":2948,"tid":"4144","sev":"info","req":"1","sess":"3","site":"-","user":"tableau_internal_user","k":"query-begin","v":{"client-session-id":"","spooling":false,"query":"SELECT \"SCHEMAS_NAME\", \"TABLES_NAME\" FROM 'C:/Users/HS/AppData/Local/Temp/TableauTemp/1vqt0yx1wuw2gf197one804jek5i/Data/Global Superstore 2016.twb Files/excel-direct.0olym3o0bydvm91ed3uil1hx3lp2.tde' (WITH(FORMAT TDE, TABLE 'SYS.TABLES')) JOIN 'C:/Users/HS/AppData/Local/Temp/TableauTemp/1vqt0yx1wuw2gf197one804jek5i/Data/Global Superstore 2016.twb Files/excel-direct.0olym3o0bydvm91ed3uil1hx3lp2.tde' (WITH(FORMAT TDE, TABLE 'SYS.SCHEMAS')) ON \"TABLES_PARENT\"=\"SCHEMAS_ID\" WHERE \"SCHEMAS_NAME\"<>'SYS' AND \"SCHEMAS_NAME\"<>'Cache' AND \"TABLES_NAME\"<>'$TableauMetadata' AND \"SCHEMAS_ACTIVE\"=true AND \"TABLES_ACTIVE\"=true"}}
{"ts":"2018-08-27T18:33:19.225","pid":2948,"tid":"53b0","sev":"info","req":"1","sess":"3","site":"-","user":"tableau_internal_user","k":"query-result-sent","v":{"success":true,"time-since-query-end":2.056e-06,"transfered-volume-mb":0.000483513}}
{"ts":"2018-08-27T18:33:19.225","pid":2948,"tid":"53b0","sev":"info","req":"1","sess":"3","site":"-","user":"tableau_internal_user","k":"query-end","v":{"statement-id":2,"transaction-visible-id":0,"transaction-id":0,"client-session-id":"","elapsed":0.0133567,"parsing-time":6.9911e-05,"compilation-time":0.0127064,"execution-time":0.000491951,"time-to-schedule":2.4674e-05,"lock-acquisition-time":1.028e-06,"peak-transaction-memory-mb":0.120239,"peak-result-buffer-memory-mb":0.062561,"result-size-mb":0.000483513,"spooling":false,"plan-cache-status":"cache miss","plan-cache-hit-count":0,"cols":2,"rows":1,"query-trunc":"SELECT \"SCHEMAS_NAME\", \"TABLES_NAME\" FROM 'C:/Users/HS/AppData/Local/Temp/TableauTemp/1vqt0yx1wuw2gf197one804jek5i/Data/Global Superstore 2016.twb Files/excel-direct.0olym3o0bydvm91ed3uil1hx3lp2.tde' (WITH(FORMAT TDE, TABLE 'SYS.TABLES')) JOIN 'C:/Users/HS/AppData/Local/Temp/TableauTemp/1vqt0yx1wuw2gf197one804jek5i/Data/Global Superstore 2016.twb Files/excel-direct.0olym3o0bydvm91ed3uil1hx3lp2.tde' (WITH(FORMAT TDE, TABLE 'SYS.SCHEMAS')) ON \"TABLES_PARENT\"=\"SCHEMAS_ID\" WHERE \"SCHEMAS_NAME\"<>'SYS' AND \"SCHEMAS_NAME\"<>'Cache' AND \"TABLES_NAME\"<>'$TableauMetadata' AND \"SCHEMAS_ACTIVE\"=true AND \"TABLES_ACTIVE\"=true"}}
{"ts":"2018-08-27T18:33:19.227","pid":2948,"tid":"5bd4","sev":"trace","req":"2","sess":"3","site":"-","user":"tableau_internal_user","k":"request-header-received","v":{"len":258,"type":"Q"}}
{"ts":"2018-08-27T18:33:19.227","pid":2948,"tid":"4144","sev":"info","req":"2","sess":"3","site":"-","user":"tableau_internal_user","k":"query-begin","v":{"client-session-id":"","spooling":false,"query":"CREATE TEMP EXTERNAL TABLE \"Extract\" FOR 'C:/Users/HS/AppData/Local/Temp/TableauTemp/1vqt0yx1wuw2gf197one804jek5i/Data/Global Superstore 2016.twb Files/excel-direct.0olym3o0bydvm91ed3uil1hx3lp2.tde' (WITH (FORMAT TDE, TABLE 'Extract.Extract', SANITIZE))"}}
{"ts":"2018-08-27T18:33:19.249","pid":2948,"tid":"3fd0","sev":"info","req":"2","sess":"3","site":"-","user":"tableau_internal_user","k":"query-result-sent","v":{"success":true,"time-since-query-end":2.57e-06,"transfered-volume-mb":0.00011158}}
{"ts":"2018-08-27T18:33:19.249","pid":2948,"tid":"3fd0","sev":"info","req":"2","sess":"3","site":"-","user":"tableau_internal_user","k":"query-end","v":{"statement-id":3,"transaction-visible-id":1,"transaction-id":0,"client-session-id":"","elapsed":0.0226236,"parsing-time":4.2667e-05,"compilation-time":0.0220355,"execution-time":0.000542329,"time-to-schedule":2.1076e-05,"lock-acquisition-time":1.028e-06,"peak-transaction-memory-mb":0,"peak-result-buffer-memory-mb":0.0938416,"result-size-mb":0.00011158,"spooling":false,"plan-cache-status":"not run yet","plan-cache-hit-count":0,"cols":0,"rows":0,"query-trunc":"CREATE TEMP EXTERNAL TABLE \"Extract\" FOR 'C:/Users/HS/AppData/Local/Temp/TableauTemp/1vqt0yx1wuw2gf197one804jek5i/Data/Global Superstore 2016.twb Files/excel-direct.0olym3o0bydvm91ed3uil1hx3lp2.tde' (WITH (FORMAT TDE, TABLE 'Extract.Extract', SANITIZE))"}}
{"ts":"2018-08-27T18:46:17.502","pid":2948,"tid":"4144","sev":"trace","req":"3","sess":"3","site":"-","user":"tableau_internal_user","k":"request-header-received","v":{"len":4,"type":"X"}}
{"ts":"2018-08-27T18:46:17.502","pid":2948,"tid":"4144","sev":"info","req":"3","sess":"3","site":"-","user":"tableau_internal_user","k":"connection-close-request","v":{"reason":"client terminated"}}
{"ts":"2018-08-27T18:46:17.502","pid":2948,"tid":"4144","sev":"info","req":"3","sess":"3","site":"-","user":"tableau_internal_user","k":"connection-closed","v":{}}
{"ts":"2018-08-27T18:46:17.502","pid":2948,"tid":"5bd4","sev":"info","req":"-","sess":"-","site":"-","user":"-","k":"named-pipe-client-accept","v":{"pipe-name":"auto","session":4}}
{"ts":"2018-08-27T18:46:17.502","pid":2948,"tid":"4144","sev":"info","req":"-","sess":"3","site":"-","user":"tableau_internal_user","k":"dbregistry-release","v":{"path":"\\\\?\\C:\\Users\\HS\\AppData\\Local\\Temp\\TableauTemp\\1p1fsi20mlnvf01a5945y1wrjnco\\hyper_db","saved":false,"new-ref-count":2,"elapsed":5.655e-06}}
{"ts":"2018-08-27T18:46:17.503","pid":2948,"tid":"4144","sev":"trace","req":"0","sess":"4","site":"-","user":"-","k":"request-header-received","v":{"len":16}}
{"ts":"2018-08-27T18:46:17.503","pid":2948,"tid":"4144","sev":"info","req":"0","sess":"4","site":"-","user":"-","k":"cancel-request-received","v":{"process":1,"secret":3861635598,"found-connection":false}}
{"ts":"2018-08-27T18:46:17.503","pid":2948,"tid":"5bd4","sev":"info","req":"0","sess":"4","site":"-","user":"-","k":"connection-closed","v":{}}
{"ts":"2018-08-27T18:46:17.524","pid":2948,"tid":"5bd4","sev":"info","req":"-","sess":"-","site":"-","user":"-","k":"named-pipe-client-accept","v":{"pipe-name":"auto","session":5}}
{"ts":"2018-08-27T18:46:17.525","pid":2948,"tid":"5bd4","sev":"trace","req":"0","sess":"5","site":"-","user":"-","k":"request-header-received","v":{"len":16}}
{"ts":"2018-08-27T18:46:17.525","pid":2948,"tid":"4144","sev":"trace","req":"2","sess":"2","site":"-","user":"tableau_internal_user","k":"request-header-received","v":{"len":4,"type":"X"}}
{"ts":"2018-08-27T18:46:17.525","pid":2948,"tid":"4144","sev":"info","req":"2","sess":"2","site":"-","user":"tableau_internal_user","k":"connection-close-request","v":{"reason":"client terminated"}}
{"ts":"2018-08-27T18:46:17.525","pid":2948,"tid":"5bd4","sev":"info","req":"0","sess":"5","site":"-","user":"-","k":"cancel-request-received","v":{"process":0,"secret":41765127,"found-connection":true,"secret-correct":true,"cancel-transaction":false,"canceled-session":2,"cancel-required":false}}
{"ts":"2018-08-27T18:46:17.525","pid":2948,"tid":"5bd4","sev":"info","req":"0","sess":"5","site":"-","user":"-","k":"connection-closed","v":{}}
{"ts":"2018-08-27T18:46:17.525","pid":2948,"tid":"4144","sev":"info","req":"2","sess":"2","site":"-","user":"tableau_internal_user","k":"connection-closed","v":{}}
{"ts":"2018-08-27T18:46:17.525","pid":2948,"tid":"4144","sev":"info","req":"-","sess":"2","site":"-","user":"tableau_internal_user","k":"dbregistry-release","v":{"path":"\\\\?\\C:\\Users\\HS\\AppData\\Local\\Temp\\TableauTemp\\1p1fsi20mlnvf01a5945y1wrjnco\\hyper_db","saved":false,"new-ref-count":1,"elapsed":4.627e-06}}
{"ts":"2018-08-27T18:46:17.900","pid":2948,"tid":"40e4","sev":"info","req":"-","sess":"-","site":"-","user":"-","k":"monitor-endpoint-initiate-shutdown","v":{"communicator-error":"파이프의 다른 끝에 프로세스가 없습니다"}}
{"ts":"2018-08-27T18:46:17.902","pid":2948,"tid":"4144","sev":"fatal","req":"-","sess":"-","site":"-","user":"-","k":"server-shutdown-signal","v":{"start-time-delta":782.053,"signal-number":2}}
{"ts":"2018-08-27T18:46:17.904","pid":2948,"tid":"4144","sev":"info","req":"-","sess":"-","site":"-","user":"-","k":"drop-all-connections","v":{}}
{"ts":"2018-08-27T18:46:17.904","pid":2948,"tid":"2d0c","sev":"info","req":"-","sess":"-","site":"-","user":"-","k":"server-shutdown-begin","v":{"elapsed":0.00274557,"start-time-delta":782.055}}
{"ts":"2018-08-27T18:46:17.905","pid":2948,"tid":"2d0c","sev":"info","req":"-","sess":"-","site":"-","user":"-","k":"resource-logger-shutdown-begin","v":{}}
{"ts":"2018-08-27T18:46:17.905","pid":2948,"tid":"2d0c","sev":"info","req":"-","sess":"-","site":"-","user":"-","k":"resource-logger-shutdown-end","v":{"elapsed":5.14e-07}}
{"ts":"2018-08-27T18:46:17.905","pid":2948,"tid":"2d0c","sev":"info","req":"-","sess":"-","site":"-","user":"-","k":"scheduler-shutdown-begin","v":{}}
{"ts":"2018-08-27T18:46:17.906","pid":2948,"tid":"2d0c","sev":"info","req":"-","sess":"-","site":"-","user":"-","k":"scheduler-shutdown-end","v":{"elapsed":0.00185111}}
{"ts":"2018-08-27T18:46:17.906","pid":2948,"tid":"2d0c","sev":"info","req":"-","sess":"-","site":"-","user":"-","k":"scheduler-shutdown-begin","v":{}}
{"ts":"2018-08-27T18:46:17.906","pid":2948,"tid":"2d0c","sev":"info","req":"-","sess":"-","site":"-","user":"-","k":"scheduler-shutdown-end","v":{"elapsed":5.14e-07}}
{"ts":"2018-08-27T18:46:17.906","pid":2948,"tid":"2d0c","sev":"info","req":"-","sess":"-","site":"-","user":"-","k":"global-infrastructure-shutdown","v":{}}
{"ts":"2018-08-27T18:46:17.906","pid":2948,"tid":"2d0c","sev":"info","req":"-","sess":"-","site":"-","user":"-","k":"database-registry-shutdown-begin","v":{}}
{"ts":"2018-08-27T18:46:17.910","pid":2948,"tid":"2d0c","sev":"info","req":"-","sess":"-","site":"-","user":"-","k":"dbregistry-release","v":{"path":"\\\\?\\C:\\Users\\HS\\AppData\\Local\\Temp\\TableauTemp\\1p1fsi20mlnvf01a5945y1wrjnco\\hyper_db","saved":true,"elapsed-save":0.00315219,"closed":true,"elapsed-registry-close":6.168e-06,"elapsed":0.00316247}}
{"ts":"2018-08-27T18:46:17.910","pid":2948,"tid":"2d0c","sev":"info","req":"-","sess":"-","site":"-","user":"-","k":"database-registry-shutdown-end","v":{"elapsed":0.00317275}}
{"ts":"2018-08-27T18:46:17.910","pid":2948,"tid":"2d0c","sev":"info","req":"-","sess":"-","site":"-","user":"-","k":"server-shutdown-end","v":{"elapsed":0.00810871,"start-time-delta":782.061}}
{"ts":"2018-08-27T18:46:17.910","pid":2948,"tid":"2d0c","sev":"info","req":"-","sess":"-","site":"-","user":"-","k":"logging-end","v":{}}
{"ts":"2018-08-27T18:46:17.911","pid":2948,"tid":"3704","sev":"info","req":"-","sess":"-","site":"-","user":"-","k":"log-close","v":{"path":"C:\\Users\\HS\\Documents\\GitHub\\Tableau\\濡쒓렇\\hyperd_3.log"}}
